<?xml version="1.0" encoding="UTF-8"?>
<!-- Generated by org.testng.reporters.JUnitReportReporter -->
<testsuite hostname="DESKTOP-EUND80C" failures="0" tests="2" name="tests.GetAndPostExample" time="4.883" errors="0" timestamp="2023-12-26T22:37:38 EST" skipped="0">
  <testcase classname="tests.GetAndPostExample" name="testPost" time="0.430"/>
  <testcase classname="tests.GetAndPostExample" name="testGet" time="4.453"/>
</testsuite> <!-- tests.GetAndPostExample -->
