<?xml version="1.0" encoding="UTF-8"?>
<!-- Generated by org.testng.reporters.JUnitReportReporter -->
<testsuite hostname="DESKTOP-EUND80C" failures="0" tests="1" name="tests.TestOnLocalAPI" time="2.522" errors="0" timestamp="2023-12-27T14:08:02 EST" skipped="0">
  <testcase classname="tests.TestOnLocalAPI" name="delete" time="2.522"/>
</testsuite> <!-- tests.TestOnLocalAPI -->
