<?xml version="1.0" encoding="UTF-8"?>
<!-- Generated by org.testng.reporters.JUnitReportReporter -->
<testsuite hostname="DESKTOP-EUND80C" failures="0" tests="1" name="tests.SoapXMLRequest" time="4.637" errors="0" timestamp="2023-12-27T23:22:36 EST" skipped="0">
  <testcase classname="tests.SoapXMLRequest" name="ValidateSoapXML" time="4.637"/>
</testsuite> <!-- tests.SoapXMLRequest -->
