<?xml version="1.0" encoding="UTF-8"?>
<!-- Generated by org.testng.reporters.JUnitReportReporter -->
<testsuite hostname="DESKTOP-EUND80C" failures="0" tests="1" name="tests.FirstTest" time="8.022" errors="0" timestamp="2023-12-26T21:59:39 EST" skipped="0">
  <testcase classname="tests.FirstTest" name="test_2" time="8.022"/>
</testsuite> <!-- tests.FirstTest -->
