<?xml version="1.0" encoding="UTF-8"?>
<!-- Generated by org.testng.reporters.JUnitReportReporter -->
<testsuite hostname="DESKTOP-EUND80C" failures="0" tests="3" name="tests.PutPatchandDeleteExample" time="7.286" errors="0" timestamp="2023-12-27T12:49:24 EST" skipped="0">
  <testcase classname="tests.PutPatchandDeleteExample" name="testPut" time="0.367"/>
  <testcase classname="tests.PutPatchandDeleteExample" name="testDelete" time="6.190"/>
  <testcase classname="tests.PutPatchandDeleteExample" name="testPatch" time="0.729"/>
</testsuite> <!-- tests.PutPatchandDeleteExample -->
