<?xml version="1.0" encoding="UTF-8"?>
<!-- Generated by org.testng.reporters.JUnitReportReporter -->
<testsuite hostname="DESKTOP-EUND80C" failures="0" tests="1" name="tests.XMLSchemaValidation" time="4.953" errors="0" timestamp="2023-12-29T17:55:32 EST" skipped="0">
  <testcase classname="tests.XMLSchemaValidation" name="ValidateSchemaXML" time="4.953"/>
</testsuite> <!-- tests.XMLSchemaValidation -->
